2020-12-17 23:27:26,034 INFO com.regunta.myapp.MySpringBootApp [restartedMain] Starting MySpringBootApp on P4355.local with PID 44271 (/Users/rregunta/workspace/my-programs/my-spring-boot/target/classes started by rregunta in /Users/rregunta/workspace/my-programs/my-spring-boot)
2020-12-17 23:27:26,042 DEBUG com.regunta.myapp.MySpringBootApp [restartedMain] Running with Spring Boot v2.2.1.RELEASE, Spring v5.2.1.RELEASE
2020-12-17 23:27:26,042 INFO com.regunta.myapp.MySpringBootApp [restartedMain] No active profile set, falling back to default profiles: default
2020-12-17 23:27:28,769 INFO com.regunta.myapp.MySpringBootApp [restartedMain] post construct....
2020-12-17 23:27:28,903 INFO com.regunta.myapp.MySpringBootApp [restartedMain] 
2020-12-17 23:27:28,919 INFO com.regunta.myapp.MySpringBootApp [restartedMain] 
2020-12-17 23:27:28,930 INFO com.regunta.myapp.AppConfig [Timer-0] cacheValue(): reading ... from the database
2020-12-17 23:27:29,332 INFO com.regunta.myapp.MySpringBootApp [restartedMain] Started MySpringBootApp in 3.551 seconds (JVM running for 4.178)
2020-12-17 23:27:29,334 INFO com.regunta.myapp.MySpringBootApp [restartedMain] Application started...
2020-12-17 23:28:19,167 INFO com.regunta.myapp.MySpringBootApp [restartedMain] Starting MySpringBootApp on P4355.local with PID 44271 (/Users/rregunta/workspace/my-programs/my-spring-boot/target/classes started by rregunta in /Users/rregunta/workspace/my-programs/my-spring-boot)
2020-12-17 23:28:19,168 DEBUG com.regunta.myapp.MySpringBootApp [restartedMain] Running with Spring Boot v2.2.1.RELEASE, Spring v5.2.1.RELEASE
2020-12-17 23:28:19,168 INFO com.regunta.myapp.MySpringBootApp [restartedMain] No active profile set, falling back to default profiles: default
2020-12-17 23:28:19,565 INFO com.regunta.myapp.MySpringBootApp [restartedMain] post construct....
2020-12-17 23:28:19,587 INFO com.regunta.myapp.MySpringBootApp [restartedMain] empRepository.findByFirstNameIgnoreCaseContaining("kum") : 
2020-12-17 23:28:19,592 INFO com.regunta.myapp.MySpringBootApp [restartedMain] this.empRepository.findByFirstNameIgnoreCaseContainingOrLastNameIgnoreCaseContainingOrMiddleNameIgnoreCaseContaining("rsdf", "asdf", "bc") : 
2020-12-17 23:28:19,598 INFO com.regunta.myapp.AppConfig [Timer-1] cacheValue(): reading ... from the database
2020-12-17 23:28:19,719 INFO com.regunta.myapp.MySpringBootApp [restartedMain] Started MySpringBootApp in 0.583 seconds (JVM running for 54.565)
2020-12-17 23:28:19,721 INFO com.regunta.myapp.MySpringBootApp [restartedMain] Application started...
2020-12-17 23:28:23,247 INFO com.regunta.myapp.MySpringBootApp [restartedMain] Starting MySpringBootApp on P4355.local with PID 44271 (/Users/rregunta/workspace/my-programs/my-spring-boot/target/classes started by rregunta in /Users/rregunta/workspace/my-programs/my-spring-boot)
2020-12-17 23:28:23,248 DEBUG com.regunta.myapp.MySpringBootApp [restartedMain] Running with Spring Boot v2.2.1.RELEASE, Spring v5.2.1.RELEASE
2020-12-17 23:28:23,248 INFO com.regunta.myapp.MySpringBootApp [restartedMain] No active profile set, falling back to default profiles: default
2020-12-17 23:28:23,719 INFO com.regunta.myapp.MySpringBootApp [restartedMain] post construct....
2020-12-17 23:28:23,742 INFO com.regunta.myapp.MySpringBootApp [restartedMain] empRepository.findByFirstNameIgnoreCaseContaining("kum") : 
2020-12-17 23:28:23,746 INFO com.regunta.myapp.MySpringBootApp [restartedMain] this.empRepository.findByFirstNameIgnoreCaseContainingOrLastNameIgnoreCaseContainingOrMiddleNameIgnoreCaseContaining("rsdf", "asdf", "bc") : 
2020-12-17 23:28:23,751 INFO com.regunta.myapp.AppConfig [Timer-2] cacheValue(): reading ... from the database
2020-12-17 23:28:23,859 INFO com.regunta.myapp.MySpringBootApp [restartedMain] Started MySpringBootApp in 0.643 seconds (JVM running for 58.704)
2020-12-17 23:28:23,860 INFO com.regunta.myapp.MySpringBootApp [restartedMain] Application started...
2020-12-17 23:34:40,138 INFO com.regunta.myapp.MySpringBootApp [restartedMain] Starting MySpringBootApp on P4355.local with PID 44271 (/Users/rregunta/workspace/my-programs/my-spring-boot/target/classes started by rregunta in /Users/rregunta/workspace/my-programs/my-spring-boot)
2020-12-17 23:34:40,139 DEBUG com.regunta.myapp.MySpringBootApp [restartedMain] Running with Spring Boot v2.2.1.RELEASE, Spring v5.2.1.RELEASE
2020-12-17 23:34:40,139 INFO com.regunta.myapp.MySpringBootApp [restartedMain] No active profile set, falling back to default profiles: default
2020-12-17 23:34:40,443 INFO com.regunta.myapp.MySpringBootApp [restartedMain] post construct....
2020-12-17 23:34:40,465 INFO com.regunta.myapp.MySpringBootApp [restartedMain] empRepository.findByFirstNameIgnoreCaseContaining("kum") : 
2020-12-17 23:34:40,469 INFO com.regunta.myapp.MySpringBootApp [restartedMain] this.empRepository.findByFirstNameIgnoreCaseContainingOrLastNameIgnoreCaseContainingOrMiddleNameIgnoreCaseContaining("rsdf", "asdf", "bc") : 
2020-12-17 23:34:40,472 INFO com.regunta.myapp.AppConfig [Timer-3] cacheValue(): reading ... from the database
2020-12-17 23:34:40,568 INFO com.regunta.myapp.MySpringBootApp [restartedMain] Started MySpringBootApp in 0.606 seconds (JVM running for 435.409)
2020-12-17 23:34:40,569 INFO com.regunta.myapp.MySpringBootApp [restartedMain] Application started...
2020-12-17 23:42:59,964 INFO com.regunta.myapp.MySpringBootApp [restartedMain] Starting MySpringBootApp on P4355.local with PID 44271 (/Users/rregunta/workspace/my-programs/my-spring-boot/target/classes started by rregunta in /Users/rregunta/workspace/my-programs/my-spring-boot)
2020-12-17 23:42:59,964 DEBUG com.regunta.myapp.MySpringBootApp [restartedMain] Running with Spring Boot v2.2.1.RELEASE, Spring v5.2.1.RELEASE
2020-12-17 23:42:59,964 INFO com.regunta.myapp.MySpringBootApp [restartedMain] No active profile set, falling back to default profiles: default
2020-12-17 23:43:00,411 INFO com.regunta.myapp.MySpringBootApp [restartedMain] post construct....
2020-12-17 23:43:00,438 INFO com.regunta.myapp.MySpringBootApp [restartedMain] empRepository.findByFirstNameIgnoreCaseContaining("kum") : 
2020-12-17 23:43:00,443 INFO com.regunta.myapp.MySpringBootApp [restartedMain] this.empRepository.findByFirstNameIgnoreCaseContainingOrLastNameIgnoreCaseContainingOrMiddleNameIgnoreCaseContaining("rsdf", "asdf", "bc") : 
2020-12-17 23:43:00,447 INFO com.regunta.myapp.AppConfig [Timer-4] cacheValue(): reading ... from the database
2020-12-17 23:43:00,582 INFO com.regunta.myapp.MySpringBootApp [restartedMain] Started MySpringBootApp in 0.812 seconds (JVM running for 935.421)
2020-12-17 23:43:00,583 INFO com.regunta.myapp.MySpringBootApp [restartedMain] Application started...
